#
# There is insufficient memory for the Java Runtime Environment to continue.
# Native memory allocation (mmap) failed to map 264241152 bytes. Error detail: G1 virtual space
# Possible reasons:
#   The system is out of physical RAM or swap space
#   This process is running with CompressedOops enabled, and the Java Heap may be blocking the growth of the native heap
# Possible solutions:
#   Reduce memory load on the system
#   Increase physical memory or swap space
#   Check if swap backing store is full
#   Decrease Java heap size (-Xmx/-Xms)
#   Decrease number of Java threads
#   Decrease Java thread stack sizes (-Xss)
#   Set larger code cache with -XX:ReservedCodeCacheSize=
#   JVM is running with Zero Based Compressed Oops mode in which the Java heap is
#     placed in the first 32GB address space. The Java Heap base address is the
#     maximum limit for the native heap growth. Please use -XX:HeapBaseMinAddress
#     to set the Java Heap base and to place the Java Heap above 32GB virtual address.
# This output file may be truncated or incomplete.
#
#  Out of Memory Error (os_windows.cpp:3703), pid=3272, tid=30460
#
# JRE version:  (23.0+37) (build )
# Java VM: Java HotSpot(TM) 64-Bit Server VM (23+37-2369, mixed mode, sharing, tiered, compressed oops, compressed class ptrs, g1 gc, windows-amd64)
# No core dump will be written. Minidumps are not enabled by default on client versions of Windows
#

---------------  S U M M A R Y ------------

Command Line: -Dclassworlds.conf=C:\Users\chni\.m2\wrapper\dists\apache-maven-3.9.9\977a63e90f436cd6ade95b4c0e10c20c\bin\m2.conf -Dmaven.home=C:\Users\chni\.m2\wrapper\dists\apache-maven-3.9.9\977a63e90f436cd6ade95b4c0e10c20c -Dlibrary.jansi.path=C:\Users\chni\.m2\wrapper\dists\apache-maven-3.9.9\977a63e90f436cd6ade95b4c0e10c20c\lib\jansi-native -Dmaven.multiModuleProjectDirectory=C:\Uni\3. Semester\Project\KunstenCMSBackend\cms org.codehaus.plexus.classworlds.launcher.Launcher test

Host: 11th Gen Intel(R) Core(TM) i5-1135G7 @ 2.40GHz, 8 cores, 15G,  Windows 10 , 64 bit Build 19041 (10.0.19041.4842)
Time: Mon Nov 25 13:57:35 2024 Romance Standard Time elapsed time: 0.017051 seconds (0d 0h 0m 0s)

---------------  T H R E A D  ---------------

Current thread (0x00000204fafed940):  JavaThread "Unknown thread" [_thread_in_vm, id=30460, stack(0x00000049a8a00000,0x00000049a8b00000) (1024K)]

Stack: [0x00000049a8a00000,0x00000049a8b00000]
Native frames: (J=compiled Java code, j=interpreted, Vv=VM code, C=native code)
V  [jvm.dll+0x6e08a9]  (no source info available)
V  [jvm.dll+0x87da63]  (no source info available)
V  [jvm.dll+0x87feee]  (no source info available)
V  [jvm.dll+0x8805c3]  (no source info available)
V  [jvm.dll+0x27aee6]  (no source info available)
V  [jvm.dll+0x6dd1b5]  (no source info available)
V  [jvm.dll+0x6d103a]  (no source info available)
V  [jvm.dll+0x35b3ea]  (no source info available)
V  [jvm.dll+0x3637f6]  (no source info available)
V  [jvm.dll+0x34fd5e]  (no source info available)
V  [jvm.dll+0x34fff8]  (no source info available)
V  [jvm.dll+0x3289cc]  (no source info available)
V  [jvm.dll+0x32966e]  (no source info available)
V  [jvm.dll+0x8442e5]  (no source info available)
V  [jvm.dll+0x3b9848]  (no source info available)
V  [jvm.dll+0x82d0dc]  (no source info available)
V  [jvm.dll+0x454d4e]  (no source info available)
V  [jvm.dll+0x456bd1]  (no source info available)
C  [jli.dll+0x52a3]  (no source info available)
C  [ucrtbase.dll+0x21bb2]  (no source info available)
C  [KERNEL32.DLL+0x17374]  (no source info available)
C  [ntdll.dll+0x4cc91]  (no source info available)

Lock stack of current Java thread (top to bottom):


---------------  P R O C E S S  ---------------

Threads class SMR info:
_java_thread_list=0x00007ffd3c7c3618, length=0, elements={
}

Java Threads: ( => current thread )
Total: 0

Other Threads:
  0x00000204fb056880 WorkerThread "GC Thread#0"                     [id=33048, stack(0x00000049a8b00000,0x00000049a8c00000) (1024K)]
  0x00000204fb06c260 ConcurrentGCThread "G1 Main Marker"            [id=33096, stack(0x00000049a8c00000,0x00000049a8d00000) (1024K)]
  0x00000204fb06ce30 WorkerThread "G1 Conc#0"                       [id=12600, stack(0x00000049a8d00000,0x00000049a8e00000) (1024K)]

[error occurred during error reporting (printing all threads), id 0xc0000005, EXCEPTION_ACCESS_VIOLATION (0xc0000005) at pc=0x00007ffd3bf0bfba]
VM state: not at safepoint (not fully initialized)

VM Mutex/Monitor currently owned by a thread:  ([mutex/lock_event])
[0x00007ffd3c843a10] Heap_lock - owner thread: 0x00000204fafed940

Heap address: 0x0000000704600000, size: 4026 MB, Compressed Oops mode: Zero based, Oop shift amount: 3

CDS archive(s) mapped at: [0x0000000000000000-0x0000000000000000-0x0000000000000000), size 0, SharedBaseAddress: 0x0000000800000000, ArchiveRelocationMode: 1.
Narrow klass base: 0x0000000000000000, Narrow klass shift: 0, Narrow klass range: 0x0

GC Precious Log:
 CardTable entry size: 512
 Card Set container configuration: InlinePtr #cards 4 size 8 Array Of Cards #cards 16 size 48 Howl #buckets 8 coarsen threshold 3686 Howl Bitmap #cards 512 size 80 coarsen threshold 460 Card regions per heap region 1 cards per card region 4096

Heap:
 garbage-first heap   total reserved 4122624K, committed 0K, used 0K [0x0000000704600000, 0x0000000800000000)
  region size 2048K, 0 young (0K), 0 survivors (0K)

[error occurred during error reporting (printing heap information), id 0xc0000005, EXCEPTION_ACCESS_VIOLATION (0xc0000005) at pc=0x00007ffd3c30c3b9]
GC Heap History (0 events):
No events

Dll operation events (1 events):
Event: 0.012 Loaded shared library C:\Program Files\Java\jdk-23\bin\java.dll

Deoptimization events (0 events):
No events

Classes loaded (0 events):
No events

Classes unloaded (0 events):
No events

Classes redefined (0 events):
No events

Internal exceptions (0 events):
No events

VM Operations (0 events):
No events

Memory protections (0 events):
No events

Nmethod flushes (0 events):
No events

Events (0 events):
No events


Dynamic libraries:
0x00007ff7dba60000 - 0x00007ff7dba70000 	C:\Program Files\Java\jdk-23\bin\java.exe
0x00007ffdb87b0000 - 0x00007ffdb89a8000 	C:\windows\SYSTEM32\ntdll.dll
0x00007ffdb7250000 - 0x00007ffdb7311000 	C:\windows\System32\KERNEL32.DLL
0x00007ffdb6450000 - 0x00007ffdb674d000 	C:\windows\System32\KERNELBASE.dll
0x00007ffdb6000000 - 0x00007ffdb6100000 	C:\windows\System32\ucrtbase.dll
0x00007ffd99840000 - 0x00007ffd9985b000 	C:\Program Files\Java\jdk-23\bin\VCRUNTIME140.dll
0x00007ffd9d550000 - 0x00007ffd9d567000 	C:\Program Files\Java\jdk-23\bin\jli.dll
0x00007ffdb6af0000 - 0x00007ffdb6c8d000 	C:\windows\System32\USER32.dll
0x00007ffdb6380000 - 0x00007ffdb63a2000 	C:\windows\System32\win32u.dll
0x00007ffd99e70000 - 0x00007ffd9a10a000 	C:\windows\WinSxS\amd64_microsoft.windows.common-controls_6595b64144ccf1df_6.0.19041.4355_none_60b8b9eb71f62e16\COMCTL32.dll
0x00007ffdb6840000 - 0x00007ffdb686b000 	C:\windows\System32\GDI32.dll
0x00007ffdb6c90000 - 0x00007ffdb6d2e000 	C:\windows\System32\msvcrt.dll
0x00007ffdb5e90000 - 0x00007ffdb5fa7000 	C:\windows\System32\gdi32full.dll
0x00007ffdb63b0000 - 0x00007ffdb644d000 	C:\windows\System32\msvcp_win.dll
0x00007ffdb7320000 - 0x00007ffdb734f000 	C:\windows\System32\IMM32.DLL
0x00007ffdac1e0000 - 0x00007ffdac1ec000 	C:\Program Files\Java\jdk-23\bin\vcruntime140_1.dll
0x00007ffd82100000 - 0x00007ffd8218e000 	C:\Program Files\Java\jdk-23\bin\msvcp140.dll
0x00007ffd3bbd0000 - 0x00007ffd3c91f000 	C:\Program Files\Java\jdk-23\bin\server\jvm.dll
0x00007ffdb6980000 - 0x00007ffdb6a30000 	C:\windows\System32\ADVAPI32.dll
0x00007ffdb6f50000 - 0x00007ffdb6ff0000 	C:\windows\System32\sechost.dll
0x00007ffdb74f0000 - 0x00007ffdb7613000 	C:\windows\System32\RPCRT4.dll
0x00007ffdb5e60000 - 0x00007ffdb5e87000 	C:\windows\System32\bcrypt.dll
0x00007ffdb6d30000 - 0x00007ffdb6d9b000 	C:\windows\System32\WS2_32.dll
0x00007ffdb57a0000 - 0x00007ffdb57eb000 	C:\windows\SYSTEM32\POWRPROF.dll
0x00007ffda5c60000 - 0x00007ffda5c87000 	C:\windows\SYSTEM32\WINMM.dll
0x00007ffdab600000 - 0x00007ffdab60a000 	C:\windows\SYSTEM32\VERSION.dll
0x00007ffdb5780000 - 0x00007ffdb5792000 	C:\windows\SYSTEM32\UMPDC.dll
0x00007ffdb4540000 - 0x00007ffdb4552000 	C:\windows\SYSTEM32\kernel.appcore.dll
0x00007ffdab2e0000 - 0x00007ffdab2ea000 	C:\Program Files\Java\jdk-23\bin\jimage.dll
0x00007ffdb41a0000 - 0x00007ffdb4384000 	C:\windows\SYSTEM32\DBGHELP.DLL
0x00007ffd99e30000 - 0x00007ffd99e64000 	C:\windows\SYSTEM32\dbgcore.DLL
0x00007ffdb6750000 - 0x00007ffdb67d2000 	C:\windows\System32\bcryptPrimitives.dll
0x00007ffd95760000 - 0x00007ffd9577e000 	C:\Program Files\Java\jdk-23\bin\java.dll
0x00007ffdb7ed0000 - 0x00007ffdb7ffb000 	C:\windows\System32\ole32.dll
0x00007ffdb7b10000 - 0x00007ffdb7e63000 	C:\windows\System32\combase.dll
0x00007ffdb8000000 - 0x00007ffdb876f000 	C:\windows\System32\SHELL32.dll

dbghelp: loaded successfully - version: 4.0.5 - missing functions: none
symbol engine: initialized successfully - sym options: 0x614 - pdb path: .;C:\Program Files\Java\jdk-23\bin;C:\windows\SYSTEM32;C:\windows\WinSxS\amd64_microsoft.windows.common-controls_6595b64144ccf1df_6.0.19041.4355_none_60b8b9eb71f62e16;C:\Program Files\Java\jdk-23\bin\server

VM Arguments:
jvm_args: -Dclassworlds.conf=C:\Users\chni\.m2\wrapper\dists\apache-maven-3.9.9\977a63e90f436cd6ade95b4c0e10c20c\bin\m2.conf -Dmaven.home=C:\Users\chni\.m2\wrapper\dists\apache-maven-3.9.9\977a63e90f436cd6ade95b4c0e10c20c -Dlibrary.jansi.path=C:\Users\chni\.m2\wrapper\dists\apache-maven-3.9.9\977a63e90f436cd6ade95b4c0e10c20c\lib\jansi-native -Dmaven.multiModuleProjectDirectory=C:\Uni\3. Semester\Project\KunstenCMSBackend\cms 
java_command: org.codehaus.plexus.classworlds.launcher.Launcher test
java_class_path (initial): C:\Users\chni\.m2\wrapper\dists\apache-maven-3.9.9\977a63e90f436cd6ade95b4c0e10c20c\boot\plexus-classworlds-2.8.0.jar
Launcher Type: SUN_STANDARD

[Global flags]
     intx CICompilerCount                          = 4                                         {product} {ergonomic}
     uint ConcGCThreads                            = 2                                         {product} {ergonomic}
     uint G1ConcRefinementThreads                  = 8                                         {product} {ergonomic}
   size_t G1HeapRegionSize                         = 2097152                                   {product} {ergonomic}
   size_t InitialHeapSize                          = 264241152                                 {product} {ergonomic}
   size_t MarkStackSize                            = 4194304                                   {product} {ergonomic}
   size_t MarkStackSizeMax                         = 536870912                                 {product} {ergonomic}
   size_t MaxHeapSize                              = 4221566976                                {product} {ergonomic}
   size_t MinHeapDeltaBytes                        = 2097152                                   {product} {ergonomic}
   size_t MinHeapSize                              = 8388608                                   {product} {ergonomic}
    uintx NonNMethodCodeHeapSize                   = 5832704                                {pd product} {ergonomic}
    uintx NonProfiledCodeHeapSize                  = 122945536                              {pd product} {ergonomic}
    uintx ProfiledCodeHeapSize                     = 122880000                              {pd product} {ergonomic}
    uintx ReservedCodeCacheSize                    = 251658240                              {pd product} {ergonomic}
     bool SegmentedCodeCache                       = true                                      {product} {ergonomic}
   size_t SoftMaxHeapSize                          = 4221566976                             {manageable} {ergonomic}
     bool UseCompressedOops                        = true                           {product lp64_product} {ergonomic}
     bool UseG1GC                                  = true                                      {product} {ergonomic}
     bool UseLargePagesIndividualAllocation        = false                                  {pd product} {ergonomic}

Logging:
Log output configuration:
 #0: stdout all=warning uptime,level,tags foldmultilines=false
 #1: stderr all=off uptime,level,tags foldmultilines=false

Environment Variables:
PATH=C:\Program Files\Python312\Scripts\;C:\Program Files\Python312\;C:\Program Files\Common Files\Oracle\Java\javapath;C:\Python312\Scripts\;C:\Python312\;C:\Program Files (x86)\Common Files\Oracle\Java\javapath;C:\windows\system32;C:\windows;C:\windows\System32\Wbem;C:\windows\System32\WindowsPowerShell\v1.0\;C:\windows\System32\OpenSSH\;C:\Program Files\Microsoft SQL Server\150\Tools\Binn\;C:\Program Files\Microsoft SQL Server\Client SDK\ODBC\170\Tools\Binn\;C:\Program Files\dotnet\;C:\ProgramData\chocolatey\bin;C:\Program Files\PuTTY\;C:\Program Files\nodejs\;C:\Program Files\Tailscale\;C:\Program Files\Git\cmd;C:\Users\chni\AppData\Local\Microsoft\WindowsApps;;C:\Program Files\JetBrains\CLion 2023.2.1\bin;;C:\Users\chni\.dotnet\tools;C:\Users\chni\AppData\Local\Programs\Microsoft VS Code\bin;C:\Users\chni\AppData\Roaming\npm;C:\Program Files (x86)\Nmap
USERNAME=chni
LANG=en_US.UTF-8
OS=Windows_NT
PROCESSOR_IDENTIFIER=Intel64 Family 6 Model 140 Stepping 1, GenuineIntel
TMP=C:\Users\chni\AppData\Local\Temp
TEMP=C:\Users\chni\AppData\Local\Temp




Periodic native trim disabled

---------------  S Y S T E M  ---------------

OS:
 Windows 10 , 64 bit Build 19041 (10.0.19041.4842)
OS uptime: 0 days 5:51 hours
Hyper-V role detected

CPU: total 8 (initial active 8) (4 cores per cpu, 2 threads per core) family 6 model 140 stepping 1 microcode 0xa4, cx8, cmov, fxsr, ht, mmx, 3dnowpref, sse, sse2, sse3, ssse3, sse4.1, sse4.2, popcnt, lzcnt, tsc, tscinvbit, avx, avx2, aes, erms, clmul, bmi1, bmi2, adx, avx512f, avx512dq, avx512cd, avx512bw, avx512vl, sha, fma, vzeroupper, avx512_vpopcntdq, avx512_vpclmulqdq, avx512_vaes, avx512_vnni, clflush, clflushopt, clwb, avx512_vbmi2, avx512_vbmi, hv, rdtscp, rdpid, fsrm, gfni, avx512_bitalg, f16c, cet_ibt, cet_ss, avx512_ifma
Processor Information for processor 0
  Max Mhz: 2419, Current Mhz: 2419, Mhz Limit: 895
Processor Information for processor 1
  Max Mhz: 2419, Current Mhz: 907, Mhz Limit: 895
Processor Information for processor 2
  Max Mhz: 2419, Current Mhz: 907, Mhz Limit: 895
Processor Information for processor 3
  Max Mhz: 2419, Current Mhz: 907, Mhz Limit: 895
Processor Information for processor 4
  Max Mhz: 2419, Current Mhz: 907, Mhz Limit: 895
Processor Information for processor 5
  Max Mhz: 2419, Current Mhz: 907, Mhz Limit: 895
Processor Information for processor 6
  Max Mhz: 2419, Current Mhz: 907, Mhz Limit: 895
Processor Information for processor 7
  Max Mhz: 2419, Current Mhz: 907, Mhz Limit: 895

Memory: 4k page, system-wide physical 16103M (398M free)
TotalPageFile size 46244M (AvailPageFile size 70M)
current process WorkingSet (physical memory assigned to process): 11M, peak: 11M
current process commit charge ("private bytes"): 60M, peak: 312M

vm_info: Java HotSpot(TM) 64-Bit Server VM (23+37-2369) for windows-amd64 JRE (23+37-2369), built on 2024-08-20T16:01:23Z with MS VC++ 17.6 (VS2022)

END.
